c:\users\max\desktop\primordialoozebot\vsooze\x64\release\vc142.pdb
c:\users\max\desktop\primordialoozebot\vsooze\x64\release\paretoselector.obj
c:\users\max\desktop\primordialoozebot\vsooze\x64\release\paretofront.obj
c:\users\max\desktop\primordialoozebot\vsooze\x64\release\oozebotencoding.obj
c:\users\max\desktop\primordialoozebot\vsooze\x64\release\evoalgo.obj
x64\release\cudasim.cu.obj
c:\users\max\desktop\primordialoozebot\vsooze\x64\release\vsooze.exe
c:\users\max\desktop\primordialoozebot\vsooze\x64\release\vsooze.pdb
c:\users\max\desktop\primordialoozebot\vsooze\x64\release\vsooze.lib
c:\users\max\desktop\primordialoozebot\vsooze\x64\release\vsooze.exp
c:\users\max\desktop\primordialoozebot\vsooze\x64\release\vsooze.ipdb
c:\users\max\desktop\primordialoozebot\vsooze\x64\release\vsooze.iobj
c:\users\max\desktop\primordialoozebot\vsooze\x64\release\cudasim.cu.cache
c:\users\max\desktop\primordialoozebot\vsooze\x64\release\cudasim.cu.obj
c:\users\max\desktop\primordialoozebot\vsooze\x64\release\vsooze.tlog\cl.command.1.tlog
c:\users\max\desktop\primordialoozebot\vsooze\x64\release\vsooze.tlog\cl.read.1.tlog
c:\users\max\desktop\primordialoozebot\vsooze\x64\release\vsooze.tlog\cl.write.1.tlog
c:\users\max\desktop\primordialoozebot\vsooze\x64\release\vsooze.tlog\cudacompile.read.1u.tlog
c:\users\max\desktop\primordialoozebot\vsooze\x64\release\vsooze.tlog\cudacompile.write.1u.tlog
c:\users\max\desktop\primordialoozebot\vsooze\x64\release\vsooze.tlog\link.command.1.tlog
c:\users\max\desktop\primordialoozebot\vsooze\x64\release\vsooze.tlog\link.read.1.tlog
c:\users\max\desktop\primordialoozebot\vsooze\x64\release\vsooze.tlog\link.write.1.tlog
c:\users\max\desktop\primordialoozebot\vsooze\x64\release\vsooze.tlog\vsooze.write.1u.tlog
